[10-Apr-2022 06:09:23 UTC] PHP Parse error:  syntax error, unexpected '<', expecting end of file in /Users/mz/Local Sites/test/app/public/wp-content/themes/test-theme/index.php on line 6
[10-Apr-2022 06:15:20 UTC] PHP Parse error:  syntax error, unexpected '}', expecting ';' or ',' in /Users/mz/Local Sites/test/app/public/wp-content/themes/test-theme/index.php on line 4
[10-Apr-2022 06:15:47 UTC] PHP Parse error:  syntax error, unexpected '}', expecting ';' or ',' in /Users/mz/Local Sites/test/app/public/wp-content/themes/test-theme/index.php on line 4
[10-Apr-2022 06:40:21 UTC] PHP Parse error:  syntax error, unexpected 'echo' (T_ECHO) in /Users/mz/Local Sites/test/app/public/wp-content/themes/test-theme/index.php on line 22
[10-Apr-2022 06:50:54 UTC] PHP Fatal error:  Uncaught Error: Call to undefined function have_post() in /Users/mz/Local Sites/test/app/public/wp-content/themes/test-theme/index.php:28
Stack trace:
#0 /Users/mz/Local Sites/test/app/public/wp-includes/template-loader.php(106): include()
#1 /Users/mz/Local Sites/test/app/public/wp-blog-header.php(19): require_once('/Users/mz/Local...')
#2 /Users/mz/Local Sites/test/app/public/index.php(17): require('/Users/mz/Local...')
#3 {main}
  thrown in /Users/mz/Local Sites/test/app/public/wp-content/themes/test-theme/index.php on line 28
[10-Apr-2022 06:52:10 UTC] PHP Fatal error:  Uncaught Error: Call to undefined function have_post() in /Users/mz/Local Sites/test/app/public/wp-content/themes/test-theme/index.php:28
Stack trace:
#0 /Users/mz/Local Sites/test/app/public/wp-includes/template-loader.php(106): include()
#1 /Users/mz/Local Sites/test/app/public/wp-blog-header.php(19): require_once('/Users/mz/Local...')
#2 /Users/mz/Local Sites/test/app/public/index.php(17): require('/Users/mz/Local...')
#3 {main}
  thrown in /Users/mz/Local Sites/test/app/public/wp-content/themes/test-theme/index.php on line 28
[10-Apr-2022 06:54:50 UTC] PHP Parse error:  syntax error, unexpected '<' in /Users/mz/Local Sites/test/app/public/wp-content/themes/test-theme/index.php on line 30
[10-Apr-2022 06:58:02 UTC] PHP Parse error:  syntax error, unexpected end of file, expecting variable (T_VARIABLE) or ${ (T_DOLLAR_OPEN_CURLY_BRACES) or {$ (T_CURLY_OPEN) in /Users/mz/Local Sites/test/app/public/wp-content/themes/test-theme/index.php on line 38
[10-Apr-2022 17:47:03 UTC] PHP Fatal error:  Uncaught Error: Call to undefined function get_stylesheet_url() in /Users/mz/Local Sites/test/app/public/wp-content/themes/test-theme/functions.php:3
Stack trace:
#0 /Users/mz/Local Sites/test/app/public/wp-includes/class-wp-hook.php(307): test_files('')
#1 /Users/mz/Local Sites/test/app/public/wp-includes/class-wp-hook.php(331): WP_Hook->apply_filters(NULL, Array)
#2 /Users/mz/Local Sites/test/app/public/wp-includes/plugin.php(474): WP_Hook->do_action(Array)
#3 /Users/mz/Local Sites/test/app/public/wp-includes/script-loader.php(2115): do_action('wp_enqueue_scri...')
#4 /Users/mz/Local Sites/test/app/public/wp-includes/class-wp-hook.php(307): wp_enqueue_scripts('')
#5 /Users/mz/Local Sites/test/app/public/wp-includes/class-wp-hook.php(331): WP_Hook->apply_filters(NULL, Array)
#6 /Users/mz/Local Sites/test/app/public/wp-includes/plugin.php(474): WP_Hook->do_action(Array)
#7 /Users/mz/Local Sites/test/app/public/wp-includes/general-template.php(3042): do_action('wp_head')
#8 /Users/mz/Local Sites/test/app/publi in /Users/mz/Local Sites/test/app/public/wp-content/themes/test-theme/functions.php on line 3
[10-Apr-2022 19:06:06 UTC] PHP Warning:  call_user_func_array() expects parameter 1 to be a valid callback, function 'test_files' not found or invalid function name in /Users/mz/Local Sites/test/app/public/wp-includes/class-wp-hook.php on line 307
[10-Apr-2022 19:06:06 UTC] PHP Stack trace:
[10-Apr-2022 19:06:06 UTC] PHP   1. {main}() /Users/mz/Local Sites/test/app/public/index.php:0
[10-Apr-2022 19:06:06 UTC] PHP   2. require() /Users/mz/Local Sites/test/app/public/index.php:17
[10-Apr-2022 19:06:06 UTC] PHP   3. require_once() /Users/mz/Local Sites/test/app/public/wp-blog-header.php:19
[10-Apr-2022 19:06:06 UTC] PHP   4. include() /Users/mz/Local Sites/test/app/public/wp-includes/template-loader.php:106
[10-Apr-2022 19:06:06 UTC] PHP   5. get_header() /Users/mz/Local Sites/test/app/public/wp-content/themes/test-theme/index.php:26
[10-Apr-2022 19:06:06 UTC] PHP   6. locate_template() /Users/mz/Local Sites/test/app/public/wp-includes/general-template.php:48
[10-Apr-2022 19:06:06 UTC] PHP   7. load_template() /Users/mz/Local Sites/test/app/public/wp-includes/template.php:716
[10-Apr-2022 19:06:06 UTC] PHP   8. require_once() /Users/mz/Local Sites/test/app/public/wp-includes/template.php:770
[10-Apr-2022 19:06:06 UTC] PHP   9. wp_head() /Users/mz/Local Sites/test/app/public/wp-content/themes/test-theme/header.php:8
[10-Apr-2022 19:06:06 UTC] PHP  10. do_action() /Users/mz/Local Sites/test/app/public/wp-includes/general-template.php:3042
[10-Apr-2022 19:06:06 UTC] PHP  11. WP_Hook->do_action() /Users/mz/Local Sites/test/app/public/wp-includes/plugin.php:474
[10-Apr-2022 19:06:06 UTC] PHP  12. WP_Hook->apply_filters() /Users/mz/Local Sites/test/app/public/wp-includes/class-wp-hook.php:331
[10-Apr-2022 19:06:06 UTC] PHP  13. wp_enqueue_scripts() /Users/mz/Local Sites/test/app/public/wp-includes/class-wp-hook.php:307
[10-Apr-2022 19:06:06 UTC] PHP  14. do_action() /Users/mz/Local Sites/test/app/public/wp-includes/script-loader.php:2115
[10-Apr-2022 19:06:06 UTC] PHP  15. WP_Hook->do_action() /Users/mz/Local Sites/test/app/public/wp-includes/plugin.php:474
[10-Apr-2022 19:06:06 UTC] PHP  16. WP_Hook->apply_filters() /Users/mz/Local Sites/test/app/public/wp-includes/class-wp-hook.php:331
[10-Apr-2022 19:25:14 UTC] PHP Parse error:  syntax error, unexpected ')', expecting ';' or ',' in /Users/mz/Local Sites/test/app/public/wp-content/themes/test-theme/index.php on line 6
[10-Apr-2022 19:26:32 UTC] PHP Parse error:  syntax error, unexpected '?' in /Users/mz/Local Sites/test/app/public/wp-content/themes/test-theme/index.php on line 6
[10-Apr-2022 19:27:33 UTC] PHP Parse error:  syntax error, unexpected '?' in /Users/mz/Local Sites/test/app/public/wp-content/themes/test-theme/index.php on line 6
[10-Apr-2022 19:27:41 UTC] PHP Parse error:  syntax error, unexpected '?' in /Users/mz/Local Sites/test/app/public/wp-content/themes/test-theme/index.php on line 6
[10-Apr-2022 19:27:42 UTC] PHP Parse error:  syntax error, unexpected '?' in /Users/mz/Local Sites/test/app/public/wp-content/themes/test-theme/index.php on line 6
[10-Apr-2022 19:28:49 UTC] PHP Parse error:  syntax error, unexpected '?' in /Users/mz/Local Sites/test/app/public/wp-content/themes/test-theme/index.php on line 6
[10-Apr-2022 20:03:21 UTC] PHP Parse error:  syntax error, unexpected '_title' (T_STRING) in /Users/mz/Local Sites/test/app/public/wp-content/themes/test-theme/page.php on line 9
[10-Apr-2022 20:03:46 UTC] PHP Parse error:  syntax error, unexpected '_title' (T_STRING) in /Users/mz/Local Sites/test/app/public/wp-content/themes/test-theme/page.php on line 9
[10-Apr-2022 22:18:40 UTC] PHP Parse error:  syntax error, unexpected '/' in /Users/mz/Local Sites/test/app/public/wp-content/themes/test-theme/footer.php on line 16
[10-Apr-2022 22:36:19 UTC] PHP Parse error:  syntax error, unexpected '}', expecting ';' or ',' in /Users/mz/Local Sites/test/app/public/wp-content/themes/test-theme/page.php on line 20
[10-Apr-2022 22:37:09 UTC] PHP Parse error:  syntax error, unexpected 'echo' (T_ECHO) in /Users/mz/Local Sites/test/app/public/wp-content/themes/test-theme/page.php on line 19
[10-Apr-2022 22:40:45 UTC] PHP Parse error:  syntax error, unexpected '<' in /Users/mz/Local Sites/test/app/public/wp-content/themes/test-theme/page.php on line 19
[10-Apr-2022 22:42:57 UTC] PHP Parse error:  syntax error, unexpected '<' in /Users/mz/Local Sites/test/app/public/wp-content/themes/test-theme/page.php on line 19
[10-Apr-2022 22:43:00 UTC] PHP Parse error:  syntax error, unexpected '<' in /Users/mz/Local Sites/test/app/public/wp-content/themes/test-theme/page.php on line 19
[10-Apr-2022 22:43:11 UTC] PHP Parse error:  syntax error, unexpected '<' in /Users/mz/Local Sites/test/app/public/wp-content/themes/test-theme/page.php on line 19
[10-Apr-2022 22:43:44 UTC] PHP Parse error:  syntax error, unexpected '<' in /Users/mz/Local Sites/test/app/public/wp-content/themes/test-theme/page.php on line 19
[10-Apr-2022 23:15:28 UTC] PHP Parse error:  syntax error, unexpected 'fa' (T_STRING) in /Users/mz/Local Sites/test/app/public/wp-content/themes/test-theme/page.php on line 25
[10-Apr-2022 23:16:26 UTC] PHP Parse error:  syntax error, unexpected 'class' (T_CLASS) in /Users/mz/Local Sites/test/app/public/wp-content/themes/test-theme/page.php on line 25
[19-Apr-2022 18:24:31 UTC] PHP Parse error:  syntax error, unexpected '<' in /Users/mz/Local Sites/test/app/public/wp-content/themes/test-theme/index.php on line 119
[19-Apr-2022 18:24:31 UTC] PHP Parse error:  syntax error, unexpected '<' in /Users/mz/Local Sites/test/app/public/wp-content/themes/test-theme/index.php on line 119
[19-Apr-2022 18:26:16 UTC] PHP Parse error:  syntax error, unexpected '<' in /Users/mz/Local Sites/test/app/public/wp-content/themes/test-theme/index.php on line 119
[19-Apr-2022 18:29:35 UTC] PHP Fatal error:  Uncaught Error: Call to undefined function blgoinfo() in /Users/mz/Local Sites/test/app/public/wp-content/themes/test-theme/index.php:126
Stack trace:
#0 /Users/mz/Local Sites/test/app/public/wp-includes/template-loader.php(106): include()
#1 /Users/mz/Local Sites/test/app/public/wp-blog-header.php(19): require_once('/Users/mz/Local...')
#2 /Users/mz/Local Sites/test/app/public/index.php(17): require('/Users/mz/Local...')
#3 {main}
  thrown in /Users/mz/Local Sites/test/app/public/wp-content/themes/test-theme/index.php on line 126
[19-Apr-2022 19:40:53 UTC] PHP Parse error:  syntax error, unexpected '>', expecting end of file in /Users/mz/Local Sites/test/app/public/wp-content/themes/test-theme/index.php on line 133
[20-Apr-2022 00:20:16 UTC] PHP Fatal error:  Uncaught Error: Call to undefined function the_permerlink() in /Users/mz/Local Sites/test/app/public/wp-content/themes/test-theme/index.php:120
Stack trace:
#0 /Users/mz/Local Sites/test/app/public/wp-includes/template-loader.php(106): include()
#1 /Users/mz/Local Sites/test/app/public/wp-blog-header.php(19): require_once('/Users/mz/Local...')
#2 /Users/mz/Local Sites/test/app/public/index.php(17): require('/Users/mz/Local...')
#3 {main}
  thrown in /Users/mz/Local Sites/test/app/public/wp-content/themes/test-theme/index.php on line 120
[20-Apr-2022 18:55:58 UTC] PHP Parse error:  syntax error, unexpected 'wp_list_pages' (T_STRING) in /Users/mz/Local Sites/test/app/public/wp-content/themes/test-theme/page.php on line 41
[03-May-2022 04:13:33 UTC] PHP Parse error:  syntax error, unexpected '<', expecting end of file in /Users/mz/Local Sites/test/app/public/wp-content/themes/test-theme/index.php on line 3
[03-May-2022 20:22:27 UTC] PHP Fatal error:  Uncaught Error: Call to a member function the_post() on null in /Users/mz/Local Sites/test/app/public/wp-content/themes/test-theme/front-page.php:59
Stack trace:
#0 /Users/mz/Local Sites/test/app/public/wp-includes/template-loader.php(106): include()
#1 /Users/mz/Local Sites/test/app/public/wp-blog-header.php(19): require_once('/Users/mz/Local...')
#2 /Users/mz/Local Sites/test/app/public/index.php(17): require('/Users/mz/Local...')
#3 {main}
  thrown in /Users/mz/Local Sites/test/app/public/wp-content/themes/test-theme/front-page.php on line 59
[05-May-2022 15:18:21 UTC] PHP Warning:  An unexpected error occurred. Something may be wrong with WordPress.org or this server&#8217;s configuration. If you continue to have problems, please try the <a href="https://wordpress.org/support/forums/">support forums</a>. (WordPress could not establish a secure connection to WordPress.org. Please contact your server administrator.) in /Users/mz/Local Sites/test/app/public/wp-includes/update.php on line 175
[05-May-2022 15:18:21 UTC] PHP Stack trace:
[05-May-2022 15:18:21 UTC] PHP   1. {main}() /Users/mz/Local Sites/test/app/public/wp-cron.php:0
[05-May-2022 15:18:21 UTC] PHP   2. do_action_ref_array() /Users/mz/Local Sites/test/app/public/wp-cron.php:138
[05-May-2022 15:18:21 UTC] PHP   3. WP_Hook->do_action() /Users/mz/Local Sites/test/app/public/wp-includes/plugin.php:522
[05-May-2022 15:18:21 UTC] PHP   4. WP_Hook->apply_filters() /Users/mz/Local Sites/test/app/public/wp-includes/class-wp-hook.php:331
[05-May-2022 15:18:21 UTC] PHP   5. wp_version_check() /Users/mz/Local Sites/test/app/public/wp-includes/class-wp-hook.php:307
[05-May-2022 15:18:21 UTC] PHP   6. trigger_error() /Users/mz/Local Sites/test/app/public/wp-includes/update.php:175
[05-May-2022 15:18:21 UTC] PHP Warning:  An unexpected error occurred. Something may be wrong with WordPress.org or this server&#8217;s configuration. If you continue to have problems, please try the <a href="https://wordpress.org/support/forums/">support forums</a>. (WordPress could not establish a secure connection to WordPress.org. Please contact your server administrator.) in /Users/mz/Local Sites/test/app/public/wp-includes/update.php on line 413
[05-May-2022 15:18:21 UTC] PHP Stack trace:
[05-May-2022 15:18:21 UTC] PHP   1. {main}() /Users/mz/Local Sites/test/app/public/wp-cron.php:0
[05-May-2022 15:18:21 UTC] PHP   2. do_action_ref_array() /Users/mz/Local Sites/test/app/public/wp-cron.php:138
[05-May-2022 15:18:21 UTC] PHP   3. WP_Hook->do_action() /Users/mz/Local Sites/test/app/public/wp-includes/plugin.php:522
[05-May-2022 15:18:21 UTC] PHP   4. WP_Hook->apply_filters() /Users/mz/Local Sites/test/app/public/wp-includes/class-wp-hook.php:331
[05-May-2022 15:18:21 UTC] PHP   5. wp_update_plugins() /Users/mz/Local Sites/test/app/public/wp-includes/class-wp-hook.php:307
[05-May-2022 15:18:21 UTC] PHP   6. trigger_error() /Users/mz/Local Sites/test/app/public/wp-includes/update.php:413
[05-May-2022 15:18:21 UTC] PHP Warning:  An unexpected error occurred. Something may be wrong with WordPress.org or this server&#8217;s configuration. If you continue to have problems, please try the <a href="https://wordpress.org/support/forums/">support forums</a>. (WordPress could not establish a secure connection to WordPress.org. Please contact your server administrator.) in /Users/mz/Local Sites/test/app/public/wp-includes/update.php on line 693
[05-May-2022 15:18:21 UTC] PHP Stack trace:
[05-May-2022 15:18:21 UTC] PHP   1. {main}() /Users/mz/Local Sites/test/app/public/wp-cron.php:0
[05-May-2022 15:18:21 UTC] PHP   2. do_action_ref_array() /Users/mz/Local Sites/test/app/public/wp-cron.php:138
[05-May-2022 15:18:21 UTC] PHP   3. WP_Hook->do_action() /Users/mz/Local Sites/test/app/public/wp-includes/plugin.php:522
[05-May-2022 15:18:21 UTC] PHP   4. WP_Hook->apply_filters() /Users/mz/Local Sites/test/app/public/wp-includes/class-wp-hook.php:331
[05-May-2022 15:18:21 UTC] PHP   5. wp_update_themes() /Users/mz/Local Sites/test/app/public/wp-includes/class-wp-hook.php:307
[05-May-2022 15:18:21 UTC] PHP   6. trigger_error() /Users/mz/Local Sites/test/app/public/wp-includes/update.php:693
[05-May-2022 22:50:09 UTC] PHP Parse error:  syntax error, unexpected 'dashicons' (T_STRING), expecting ')' in /Users/mz/Local Sites/test/app/public/wp-content/themes/test-theme/functions.php on line 31
[05-May-2022 22:50:19 UTC] PHP Parse error:  syntax error, unexpected 'dashicons' (T_STRING), expecting ')' in /Users/mz/Local Sites/test/app/public/wp-content/themes/test-theme/functions.php on line 31
[05-May-2022 22:50:20 UTC] PHP Parse error:  syntax error, unexpected 'dashicons' (T_STRING), expecting ')' in /Users/mz/Local Sites/test/app/public/wp-content/themes/test-theme/functions.php on line 31
[05-May-2022 23:30:47 UTC] PHP Parse error:  syntax error, unexpected end of file in /Users/mz/Local Sites/test/app/public/wp-content/themes/test-theme/front-page.php on line 128
[05-May-2022 23:31:51 UTC] PHP Fatal error:  Uncaught Error: Call to a member function the_post() on null in /Users/mz/Local Sites/test/app/public/wp-content/themes/test-theme/front-page.php:31
Stack trace:
#0 /Users/mz/Local Sites/test/app/public/wp-includes/template-loader.php(106): include()
#1 /Users/mz/Local Sites/test/app/public/wp-blog-header.php(19): require_once('/Users/mz/Local...')
#2 /Users/mz/Local Sites/test/app/public/index.php(17): require('/Users/mz/Local...')
#3 {main}
  thrown in /Users/mz/Local Sites/test/app/public/wp-content/themes/test-theme/front-page.php on line 31
[05-May-2022 23:32:12 UTC] PHP Fatal error:  Uncaught Error: Call to a member function the_post() on null in /Users/mz/Local Sites/test/app/public/wp-content/themes/test-theme/front-page.php:31
Stack trace:
#0 /Users/mz/Local Sites/test/app/public/wp-includes/template-loader.php(106): include()
#1 /Users/mz/Local Sites/test/app/public/wp-blog-header.php(19): require_once('/Users/mz/Local...')
#2 /Users/mz/Local Sites/test/app/public/index.php(17): require('/Users/mz/Local...')
#3 {main}
  thrown in /Users/mz/Local Sites/test/app/public/wp-content/themes/test-theme/front-page.php on line 31
[05-May-2022 23:33:09 UTC] PHP Fatal error:  Uncaught Error: Call to a member function the_post() on null in /Users/mz/Local Sites/test/app/public/wp-content/themes/test-theme/front-page.php:31
Stack trace:
#0 /Users/mz/Local Sites/test/app/public/wp-includes/template-loader.php(106): include()
#1 /Users/mz/Local Sites/test/app/public/wp-blog-header.php(19): require_once('/Users/mz/Local...')
#2 /Users/mz/Local Sites/test/app/public/index.php(17): require('/Users/mz/Local...')
#3 {main}
  thrown in /Users/mz/Local Sites/test/app/public/wp-content/themes/test-theme/front-page.php on line 31
[05-May-2022 23:34:29 UTC] PHP Fatal error:  Uncaught Error: Call to a member function the_post() on null in /Users/mz/Local Sites/test/app/public/wp-content/themes/test-theme/front-page.php:31
Stack trace:
#0 /Users/mz/Local Sites/test/app/public/wp-includes/template-loader.php(106): include()
#1 /Users/mz/Local Sites/test/app/public/wp-blog-header.php(19): require_once('/Users/mz/Local...')
#2 /Users/mz/Local Sites/test/app/public/index.php(17): require('/Users/mz/Local...')
#3 {main}
  thrown in /Users/mz/Local Sites/test/app/public/wp-content/themes/test-theme/front-page.php on line 31
[06-May-2022 01:22:47 UTC] PHP Warning:  Use of undefined constant has_excerpt - assumed 'has_excerpt' (this will throw an Error in a future version of PHP) in /Users/mz/Local Sites/test/app/public/wp-content/themes/test-theme/front-page.php on line 68
[06-May-2022 01:22:47 UTC] PHP Stack trace:
[06-May-2022 01:22:47 UTC] PHP   1. {main}() /Users/mz/Local Sites/test/app/public/index.php:0
[06-May-2022 01:22:47 UTC] PHP   2. require() /Users/mz/Local Sites/test/app/public/index.php:17
[06-May-2022 01:22:47 UTC] PHP   3. require_once() /Users/mz/Local Sites/test/app/public/wp-blog-header.php:19
[06-May-2022 01:22:47 UTC] PHP   4. include() /Users/mz/Local Sites/test/app/public/wp-includes/template-loader.php:106
[06-May-2022 01:22:47 UTC] PHP Warning:  Use of undefined constant has_excerpt - assumed 'has_excerpt' (this will throw an Error in a future version of PHP) in /Users/mz/Local Sites/test/app/public/wp-content/themes/test-theme/front-page.php on line 68
[06-May-2022 01:22:47 UTC] PHP Stack trace:
[06-May-2022 01:22:47 UTC] PHP   1. {main}() /Users/mz/Local Sites/test/app/public/index.php:0
[06-May-2022 01:22:47 UTC] PHP   2. require() /Users/mz/Local Sites/test/app/public/index.php:17
[06-May-2022 01:22:47 UTC] PHP   3. require_once() /Users/mz/Local Sites/test/app/public/wp-blog-header.php:19
[06-May-2022 01:22:47 UTC] PHP   4. include() /Users/mz/Local Sites/test/app/public/wp-includes/template-loader.php:106
[09-May-2022 04:09:57 UTC] PHP Parse error:  syntax error, unexpected end of file in /Users/mz/Local Sites/test/app/public/wp-content/themes/test-theme/functions.php on line 29
[09-May-2022 04:09:59 UTC] PHP Parse error:  syntax error, unexpected end of file in /Users/mz/Local Sites/test/app/public/wp-content/themes/test-theme/functions.php on line 29
[09-May-2022 04:10:00 UTC] PHP Parse error:  syntax error, unexpected end of file in /Users/mz/Local Sites/test/app/public/wp-content/themes/test-theme/functions.php on line 29
[09-May-2022 04:10:01 UTC] PHP Parse error:  syntax error, unexpected end of file in /Users/mz/Local Sites/test/app/public/wp-content/themes/test-theme/functions.php on line 29
[09-May-2022 06:17:07 UTC] PHP Fatal error:  Uncaught Error: Call to a member function have_posts() on null in /Users/mz/Local Sites/test/app/public/wp-content/themes/test-theme/page-past-events.php:20
Stack trace:
#0 /Users/mz/Local Sites/test/app/public/wp-includes/template-loader.php(106): include()
#1 /Users/mz/Local Sites/test/app/public/wp-blog-header.php(19): require_once('/Users/mz/Local...')
#2 /Users/mz/Local Sites/test/app/public/index.php(17): require('/Users/mz/Local...')
#3 {main}
  thrown in /Users/mz/Local Sites/test/app/public/wp-content/themes/test-theme/page-past-events.php on line 20
[10-May-2022 02:40:06 UTC] PHP Warning:  Invalid argument supplied for foreach() in /Users/mz/Local Sites/test/app/public/wp-content/themes/test-theme/single-event.php on line 26
[10-May-2022 02:40:06 UTC] PHP Stack trace:
[10-May-2022 02:40:06 UTC] PHP   1. {main}() /Users/mz/Local Sites/test/app/public/index.php:0
[10-May-2022 02:40:06 UTC] PHP   2. require() /Users/mz/Local Sites/test/app/public/index.php:17
[10-May-2022 02:40:06 UTC] PHP   3. require_once() /Users/mz/Local Sites/test/app/public/wp-blog-header.php:19
[10-May-2022 02:40:06 UTC] PHP   4. include() /Users/mz/Local Sites/test/app/public/wp-includes/template-loader.php:106
[10-May-2022 02:43:46 UTC] PHP Parse error:  syntax error, unexpected '}' in /Users/mz/Local Sites/test/app/public/wp-content/themes/test-theme/single-event.php on line 28
[10-May-2022 03:19:27 UTC] PHP Fatal error:  Uncaught Error: Call to undefined function get_title() in /Users/mz/Local Sites/test/app/public/wp-content/themes/test-theme/single-program.php:46
Stack trace:
#0 /Users/mz/Local Sites/test/app/public/wp-includes/template-loader.php(106): include()
#1 /Users/mz/Local Sites/test/app/public/wp-blog-header.php(19): require_once('/Users/mz/Local...')
#2 /Users/mz/Local Sites/test/app/public/index.php(17): require('/Users/mz/Local...')
#3 {main}
  thrown in /Users/mz/Local Sites/test/app/public/wp-content/themes/test-theme/single-program.php on line 46
[10-May-2022 14:52:19 UTC] PHP Parse error:  syntax error, unexpected '}', expecting end of file in /Users/mz/Local Sites/test/app/public/wp-content/mu-plugins/test-post-types.php on line 52
[10-May-2022 14:52:36 UTC] PHP Parse error:  syntax error, unexpected '}', expecting end of file in /Users/mz/Local Sites/test/app/public/wp-content/mu-plugins/test-post-types.php on line 52
[10-May-2022 14:53:18 UTC] PHP Parse error:  syntax error, unexpected '}', expecting end of file in /Users/mz/Local Sites/test/app/public/wp-content/mu-plugins/test-post-types.php on line 50
[10-May-2022 14:53:19 UTC] PHP Parse error:  syntax error, unexpected '}', expecting end of file in /Users/mz/Local Sites/test/app/public/wp-content/mu-plugins/test-post-types.php on line 50
[10-May-2022 17:10:57 UTC] PHP Parse error:  syntax error, unexpected end of file in /Users/mz/Local Sites/test/app/public/wp-content/themes/test-theme/functions.php on line 64
[10-May-2022 17:11:13 UTC] PHP Parse error:  syntax error, unexpected end of file in /Users/mz/Local Sites/test/app/public/wp-content/themes/test-theme/functions.php on line 64
[10-May-2022 17:11:14 UTC] PHP Parse error:  syntax error, unexpected end of file in /Users/mz/Local Sites/test/app/public/wp-content/themes/test-theme/functions.php on line 64
[10-May-2022 17:11:55 UTC] PHP Parse error:  syntax error, unexpected end of file in /Users/mz/Local Sites/test/app/public/wp-content/themes/test-theme/functions.php on line 64
[10-May-2022 17:11:56 UTC] PHP Parse error:  syntax error, unexpected end of file in /Users/mz/Local Sites/test/app/public/wp-content/themes/test-theme/functions.php on line 64
[10-May-2022 17:11:57 UTC] PHP Parse error:  syntax error, unexpected end of file in /Users/mz/Local Sites/test/app/public/wp-content/themes/test-theme/functions.php on line 64
[10-May-2022 17:12:45 UTC] PHP Parse error:  syntax error, unexpected end of file in /Users/mz/Local Sites/test/app/public/wp-content/themes/test-theme/functions.php on line 65
[10-May-2022 17:12:46 UTC] PHP Parse error:  syntax error, unexpected end of file in /Users/mz/Local Sites/test/app/public/wp-content/themes/test-theme/functions.php on line 65
[10-May-2022 17:13:58 UTC] PHP Parse error:  syntax error, unexpected end of file in /Users/mz/Local Sites/test/app/public/wp-content/themes/test-theme/functions.php on line 65
[10-May-2022 17:16:00 UTC] PHP Parse error:  syntax error, unexpected end of file in /Users/mz/Local Sites/test/app/public/wp-content/themes/test-theme/functions.php on line 65
[11-May-2022 19:01:12 UTC] PHP Parse error:  syntax error, unexpected '}' in /Users/mz/Local Sites/test/app/public/wp-content/themes/test-theme/functions.php on line 6
[11-May-2022 19:02:13 UTC] PHP Parse error:  syntax error, unexpected '}' in /Users/mz/Local Sites/test/app/public/wp-content/themes/test-theme/functions.php on line 6
[11-May-2022 19:04:14 UTC] PHP Parse error:  syntax error, unexpected '}' in /Users/mz/Local Sites/test/app/public/wp-content/themes/test-theme/functions.php on line 6
[11-May-2022 19:06:15 UTC] PHP Parse error:  syntax error, unexpected '}' in /Users/mz/Local Sites/test/app/public/wp-content/themes/test-theme/functions.php on line 6
[11-May-2022 19:08:18 UTC] PHP Parse error:  syntax error, unexpected '}' in /Users/mz/Local Sites/test/app/public/wp-content/themes/test-theme/functions.php on line 6
[11-May-2022 19:10:22 UTC] PHP Parse error:  syntax error, unexpected '}' in /Users/mz/Local Sites/test/app/public/wp-content/themes/test-theme/functions.php on line 6
[14-May-2022 22:16:24 UTC] PHP Parse error:  syntax error, unexpected end of file in /Users/mz/Local Sites/test/app/public/wp-content/themes/test-theme/functions.php on line 79
[14-May-2022 22:16:25 UTC] PHP Parse error:  syntax error, unexpected end of file in /Users/mz/Local Sites/test/app/public/wp-content/themes/test-theme/functions.php on line 79
